2014-10-05 03:39:32.222 HelloWorld[7323:474045] DiskCookieStorage changing policy from 2 to 0, cookie file: file:///Users/suhong/Library/Developer/CoreSimulator/Devices/A1247D58-42C2-432B-B659-0BDF870A9E43/data/Containers/Data/Application/5420308C-118D-4437-BCCA-8A94FBD9EE58/Library/Cookies/Cookies.binarycookies
2014-10-05 03:39:32.316 HelloWorld[7323:474045] Apache Cordova native platform version 3.6.3 is starting.
2014-10-05 03:39:32.317 HelloWorld[7323:474045] Multi-tasking -> Device: YES, App: YES
2014-10-05 03:39:32.329 HelloWorld[7323:474045] Unlimited access to network resources
2014-10-05 03:39:32.343 HelloWorld[7323:474045] 

Started backup to iCloud! Please be careful.
Your application might be rejected by Apple if you store too much data.
For more information please read "iOS Data Storage Guidelines" at:
https://developer.apple.com/icloud/documentation/data-storage/

2014-10-05 03:39:33.415 HelloWorld[7323:474045] Resetting plugins due to page load.
2014-10-05 03:39:33.596 HelloWorld[7323:474045] Finished load of: file:///Users/suhong/Library/Developer/CoreSimulator/Devices/A1247D58-42C2-432B-B659-0BDF870A9E43/data/Containers/Bundle/Application/82C5840F-65AD-4A9B-9148-8D3EFBFA6C51/HelloWorld.app/www/index.html
2014-10-05 03:45:02.976 HelloWorld[7655:478094] DiskCookieStorage changing policy from 2 to 0, cookie file: file:///Users/suhong/Library/Developer/CoreSimulator/Devices/A1247D58-42C2-432B-B659-0BDF870A9E43/data/Containers/Data/Application/E3E4DFF7-22FA-4580-B856-BC789F77CF51/Library/Cookies/Cookies.binarycookies
2014-10-05 03:45:03.084 HelloWorld[7655:478094] Apache Cordova native platform version 3.6.3 is starting.
2014-10-05 03:45:03.085 HelloWorld[7655:478094] Multi-tasking -> Device: YES, App: YES
2014-10-05 03:45:03.093 HelloWorld[7655:478094] Unlimited access to network resources
2014-10-05 03:45:03.096 HelloWorld[7655:478094] 

Started backup to iCloud! Please be careful.
Your application might be rejected by Apple if you store too much data.
For more information please read "iOS Data Storage Guidelines" at:
https://developer.apple.com/icloud/documentation/data-storage/

2014-10-05 03:45:03.236 HelloWorld[7655:478094] [CDVTimer][file] 2.992034ms
2014-10-05 03:45:03.236 HelloWorld[7655:478094] [CDVTimer][TotalPluginStartup] 3.198981ms
2014-10-05 03:45:03.305 HelloWorld[7655:478094] Resetting plugins due to page load.
2014-10-05 03:45:03.360 HelloWorld[7655:478094] Finished load of: file:///Users/suhong/Library/Developer/CoreSimulator/Devices/A1247D58-42C2-432B-B659-0BDF870A9E43/data/Containers/Bundle/Application/B032B111-4080-4B69-A6F7-1C2976656244/HelloWorld.app/www/index.html
2014-10-05 03:45:09.384 HelloWorld[7655:478094] Camera.getPicture: source type 1 not available.
2014-10-05 03:45:13.666 HelloWorld[7655:478094] THREAD WARNING: ['Camera'] took '4283.152100' ms. Plugin should use a background thread.
